Build started 29/12/2015 8:22:33 CH.
     1>Project "C:\Users\nguye_000\Documents\Visual Studio 2013\Projects\ThuVien\ThuVien\ThuVien.vcxproj" on node 2 (Build target(s)).
     1>ClCompile:
         C:\Program Files (x86)\Microsoft Visual Studio 12.0\VC\bin\CL.exe /c /ZI /nologo /W3 /WX- /sdl /Od /Oy- /D WIN32 /D _DEBUG /D _CONSOLE /D _LIB /D _UNICODE /D UNICODE /Gm /EHsc /RTC1 /MDd /GS /fp:precise /Zc:wchar_t /Zc:forScope /Yu"stdafx.h" /Fp"Debug\ThuVien.pch" /Fo"Debug\\" /Fd"Debug\vc120.pdb" /Gd /TP /analyze- /errorReport:prompt Stack.cpp
         Stack.cpp
       Link:
         C:\Program Files (x86)\Microsoft Visual Studio 12.0\VC\bin\link.exe /ERRORREPORT:PROMPT /OUT:"C:\Users\nguye_000\Documents\Visual Studio 2013\Projects\ThuVien\Debug\ThuVien.exe" /INCREMENTAL /NOLOGO kernel32.lib user32.lib gdi32.lib winspool.lib comdlg32.lib advapi32.lib shell32.lib ole32.lib oleaut32.lib uuid.lib odbc32.lib odbccp32.lib /MANIFEST /MANIFESTUAC:"level='asInvoker' uiAccess='false'" /manifest:embed /DEBUG /PDB:"C:\Users\nguye_000\Documents\Visual Studio 2013\Projects\ThuVien\Debug\ThuVien.pdb" /SUBSYSTEM:CONSOLE /TLBID:1 /DYNAMICBASE /NXCOMPAT /IMPLIB:"C:\Users\nguye_000\Documents\Visual Studio 2013\Projects\ThuVien\Debug\ThuVien.lib" /MACHINE:X86 Debug\Stack.obj
         Debug\stdafx.obj
         Debug\ThuVien.obj
     1>ThuVien.obj : error LNK2005: _main already defined in Stack.obj
     1>C:\Users\nguye_000\Documents\Visual Studio 2013\Projects\ThuVien\Debug\ThuVien.exe : fatal error LNK1169: one or more multiply defined symbols found
     1>Done Building Project "C:\Users\nguye_000\Documents\Visual Studio 2013\Projects\ThuVien\ThuVien\ThuVien.vcxproj" (Build target(s)) -- FAILED.

Build FAILED.

Time Elapsed 00:00:02.14
